mode: set
github.com/bkonkle/tanuki/internal/task/balancer.go:26.30,30.2 1 1
github.com/bkonkle/tanuki/internal/task/balancer.go:34.73,35.14 1 1
github.com/bkonkle/tanuki/internal/task/balancer.go:35.14,37.3 1 1
github.com/bkonkle/tanuki/internal/task/balancer.go:40.2,41.26 2 1
github.com/bkonkle/tanuki/internal/task/balancer.go:41.26,43.3 1 1
github.com/bkonkle/tanuki/internal/task/balancer.go:46.2,47.25 2 1
github.com/bkonkle/tanuki/internal/task/balancer.go:47.25,49.3 1 1
github.com/bkonkle/tanuki/internal/task/balancer.go:52.2,54.22 2 1
github.com/bkonkle/tanuki/internal/task/balancer.go:57.72,59.28 2 1
github.com/bkonkle/tanuki/internal/task/balancer.go:59.28,60.22 1 1
github.com/bkonkle/tanuki/internal/task/balancer.go:60.22,62.4 1 1
github.com/bkonkle/tanuki/internal/task/balancer.go:64.2,64.15 1 1
github.com/bkonkle/tanuki/internal/task/balancer.go:67.62,69.28 2 1
github.com/bkonkle/tanuki/internal/task/balancer.go:69.28,70.26 1 1
github.com/bkonkle/tanuki/internal/task/balancer.go:70.26,72.4 1 1
github.com/bkonkle/tanuki/internal/task/balancer.go:74.2,74.15 1 1
github.com/bkonkle/tanuki/internal/task/balancer.go:77.62,78.22 1 1
github.com/bkonkle/tanuki/internal/task/balancer.go:78.22,80.3 1 1
github.com/bkonkle/tanuki/internal/task/balancer.go:82.2,86.41 3 1
github.com/bkonkle/tanuki/internal/task/balancer.go:86.41,90.3 3 1
github.com/bkonkle/tanuki/internal/task/balancer.go:92.2,92.18 1 1
github.com/bkonkle/tanuki/internal/task/balancer.go:96.54,101.2 3 1
github.com/bkonkle/tanuki/internal/task/balancer.go:104.54,108.32 3 1
github.com/bkonkle/tanuki/internal/task/balancer.go:108.32,110.3 1 1
github.com/bkonkle/tanuki/internal/task/balancer.go:114.54,119.2 3 1
github.com/bkonkle/tanuki/internal/task/balancer.go:122.43,127.36 4 1
github.com/bkonkle/tanuki/internal/task/balancer.go:127.36,129.3 1 1
github.com/bkonkle/tanuki/internal/task/balancer.go:130.2,130.14 1 1
github.com/bkonkle/tanuki/internal/task/balancer.go:134.52,139.2 3 1
github.com/bkonkle/tanuki/internal/task/balancer.go:143.73,146.28 2 1
github.com/bkonkle/tanuki/internal/task/balancer.go:146.28,147.26 1 1
github.com/bkonkle/tanuki/internal/task/balancer.go:147.26,148.12 1 1
github.com/bkonkle/tanuki/internal/task/balancer.go:150.3,150.36 1 1
github.com/bkonkle/tanuki/internal/task/balancer.go:150.36,151.12 1 1
github.com/bkonkle/tanuki/internal/task/balancer.go:153.3,153.30 1 1
github.com/bkonkle/tanuki/internal/task/balancer.go:156.2,156.15 1 1
github.com/bkonkle/tanuki/internal/task/balancer.go:160.75,163.28 2 1
github.com/bkonkle/tanuki/internal/task/balancer.go:163.28,164.22 1 1
github.com/bkonkle/tanuki/internal/task/balancer.go:164.22,166.4 1 1
github.com/bkonkle/tanuki/internal/task/balancer.go:169.2,169.15 1 1
github.com/bkonkle/tanuki/internal/task/balancer.go:173.76,176.26 2 1
github.com/bkonkle/tanuki/internal/task/balancer.go:176.26,177.61 1 1
github.com/bkonkle/tanuki/internal/task/balancer.go:177.61,179.4 1 1
github.com/bkonkle/tanuki/internal/task/balancer.go:183.2,184.28 2 1
github.com/bkonkle/tanuki/internal/task/balancer.go:184.28,185.20 1 1
github.com/bkonkle/tanuki/internal/task/balancer.go:185.20,187.4 1 1
github.com/bkonkle/tanuki/internal/task/balancer.go:191.2,192.30 2 1
github.com/bkonkle/tanuki/internal/task/balancer.go:192.30,193.24 1 1
github.com/bkonkle/tanuki/internal/task/balancer.go:193.24,195.4 1 1
github.com/bkonkle/tanuki/internal/task/balancer.go:198.2,198.15 1 1
github.com/bkonkle/tanuki/internal/task/balancer.go:202.43,210.40 4 1
github.com/bkonkle/tanuki/internal/task/balancer.go:210.40,213.32 3 1
github.com/bkonkle/tanuki/internal/task/balancer.go:213.32,216.4 2 1
github.com/bkonkle/tanuki/internal/task/balancer.go:219.2,219.26 1 1
github.com/bkonkle/tanuki/internal/task/balancer.go:219.26,221.3 1 1
github.com/bkonkle/tanuki/internal/task/balancer.go:223.2,223.14 1 1
github.com/bkonkle/tanuki/internal/task/balancer.go:258.71,264.2 1 1
github.com/bkonkle/tanuki/internal/task/balancer.go:267.97,268.14 1 1
github.com/bkonkle/tanuki/internal/task/balancer.go:268.14,270.3 1 1
github.com/bkonkle/tanuki/internal/task/balancer.go:273.2,274.26 2 1
github.com/bkonkle/tanuki/internal/task/balancer.go:274.26,276.3 1 1
github.com/bkonkle/tanuki/internal/task/balancer.go:279.2,280.25 2 1
github.com/bkonkle/tanuki/internal/task/balancer.go:280.25,282.3 1 1
github.com/bkonkle/tanuki/internal/task/balancer.go:285.2,285.46 1 1
github.com/bkonkle/tanuki/internal/task/balancer.go:288.81,289.20 1 1
github.com/bkonkle/tanuki/internal/task/balancer.go:290.26,291.42 1 1
github.com/bkonkle/tanuki/internal/task/balancer.go:292.22,293.32 1 1
github.com/bkonkle/tanuki/internal/task/balancer.go:294.10,295.37 1 1
github.com/bkonkle/tanuki/internal/task/balancer.go:299.86,303.22 3 1
github.com/bkonkle/tanuki/internal/task/balancer.go:303.22,305.3 1 1
github.com/bkonkle/tanuki/internal/task/balancer.go:307.2,311.17 4 1
github.com/bkonkle/tanuki/internal/task/balancer.go:314.69,315.22 1 1
github.com/bkonkle/tanuki/internal/task/balancer.go:315.22,317.3 1 1
github.com/bkonkle/tanuki/internal/task/balancer.go:319.2,319.18 1 1
github.com/bkonkle/tanuki/internal/task/manager.go:27.39,33.2 1 1
github.com/bkonkle/tanuki/internal/task/manager.go:37.43,45.55 4 1
github.com/bkonkle/tanuki/internal/task/manager.go:45.55,47.3 1 1
github.com/bkonkle/tanuki/internal/task/manager.go:49.2,50.16 2 1
github.com/bkonkle/tanuki/internal/task/manager.go:50.16,52.3 1 0
github.com/bkonkle/tanuki/internal/task/manager.go:54.2,57.32 3 1
github.com/bkonkle/tanuki/internal/task/manager.go:57.32,58.59 1 1
github.com/bkonkle/tanuki/internal/task/manager.go:58.59,59.12 1 1
github.com/bkonkle/tanuki/internal/task/manager.go:62.3,64.17 3 1
github.com/bkonkle/tanuki/internal/task/manager.go:64.17,67.12 2 1
github.com/bkonkle/tanuki/internal/task/manager.go:70.3,71.30 2 1
github.com/bkonkle/tanuki/internal/task/manager.go:75.2,75.34 1 1
github.com/bkonkle/tanuki/internal/task/manager.go:75.34,77.3 1 1
github.com/bkonkle/tanuki/internal/task/manager.go:79.2,79.19 1 1
github.com/bkonkle/tanuki/internal/task/manager.go:83.49,88.9 4 1
github.com/bkonkle/tanuki/internal/task/manager.go:88.9,90.3 1 1
github.com/bkonkle/tanuki/internal/task/manager.go:92.2,92.18 1 1
github.com/bkonkle/tanuki/internal/task/manager.go:104.34,105.30 1 1
github.com/bkonkle/tanuki/internal/task/manager.go:105.30,107.3 1 1
github.com/bkonkle/tanuki/internal/task/manager.go:111.52,116.28 4 1
github.com/bkonkle/tanuki/internal/task/manager.go:116.28,118.3 1 1
github.com/bkonkle/tanuki/internal/task/manager.go:121.2,122.27 2 1
github.com/bkonkle/tanuki/internal/task/manager.go:122.27,124.3 1 1
github.com/bkonkle/tanuki/internal/task/manager.go:126.2,126.22 1 1
github.com/bkonkle/tanuki/internal/task/manager.go:126.22,127.41 1 1
github.com/bkonkle/tanuki/internal/task/manager.go:127.41,129.4 1 1
github.com/bkonkle/tanuki/internal/task/manager.go:132.2,132.14 1 1
github.com/bkonkle/tanuki/internal/task/manager.go:136.50,141.28 4 1
github.com/bkonkle/tanuki/internal/task/manager.go:141.28,142.21 1 1
github.com/bkonkle/tanuki/internal/task/manager.go:142.21,144.4 1 1
github.com/bkonkle/tanuki/internal/task/manager.go:147.2,147.14 1 1
github.com/bkonkle/tanuki/internal/task/manager.go:151.54,156.28 4 1
github.com/bkonkle/tanuki/internal/task/manager.go:156.28,157.25 1 1
github.com/bkonkle/tanuki/internal/task/manager.go:157.25,159.4 1 1
github.com/bkonkle/tanuki/internal/task/manager.go:162.2,162.14 1 1
github.com/bkonkle/tanuki/internal/task/manager.go:166.40,168.40 2 1
github.com/bkonkle/tanuki/internal/task/manager.go:168.40,170.3 1 1
github.com/bkonkle/tanuki/internal/task/manager.go:171.2,171.14 1 1
github.com/bkonkle/tanuki/internal/task/manager.go:176.64,181.28 4 1
github.com/bkonkle/tanuki/internal/task/manager.go:181.28,182.50 1 1
github.com/bkonkle/tanuki/internal/task/manager.go:182.50,184.4 1 1
github.com/bkonkle/tanuki/internal/task/manager.go:187.2,187.26 1 1
github.com/bkonkle/tanuki/internal/task/manager.go:187.26,189.3 1 1
github.com/bkonkle/tanuki/internal/task/manager.go:192.2,192.45 1 1
github.com/bkonkle/tanuki/internal/task/manager.go:192.45,194.3 1 1
github.com/bkonkle/tanuki/internal/task/manager.go:197.2,197.31 1 1
github.com/bkonkle/tanuki/internal/task/manager.go:197.31,198.56 1 1
github.com/bkonkle/tanuki/internal/task/manager.go:198.56,200.4 1 1
github.com/bkonkle/tanuki/internal/task/manager.go:203.2,203.75 1 0
github.com/bkonkle/tanuki/internal/task/manager.go:207.64,212.9 4 1
github.com/bkonkle/tanuki/internal/task/manager.go:212.9,214.3 1 1
github.com/bkonkle/tanuki/internal/task/manager.go:216.2,219.40 2 1
github.com/bkonkle/tanuki/internal/task/manager.go:219.40,221.3 1 0
github.com/bkonkle/tanuki/internal/task/manager.go:223.2,223.12 1 1
github.com/bkonkle/tanuki/internal/task/manager.go:228.61,233.9 4 1
github.com/bkonkle/tanuki/internal/task/manager.go:233.9,235.3 1 0
github.com/bkonkle/tanuki/internal/task/manager.go:237.2,237.66 1 1
github.com/bkonkle/tanuki/internal/task/manager.go:237.66,239.3 1 1
github.com/bkonkle/tanuki/internal/task/manager.go:241.2,244.40 3 1
github.com/bkonkle/tanuki/internal/task/manager.go:244.40,246.3 1 0
github.com/bkonkle/tanuki/internal/task/manager.go:248.2,248.12 1 1
github.com/bkonkle/tanuki/internal/task/manager.go:253.45,258.9 4 1
github.com/bkonkle/tanuki/internal/task/manager.go:258.9,260.3 1 0
github.com/bkonkle/tanuki/internal/task/manager.go:262.2,265.70 2 1
github.com/bkonkle/tanuki/internal/task/manager.go:265.70,267.3 1 1
github.com/bkonkle/tanuki/internal/task/manager.go:269.2,269.40 1 1
github.com/bkonkle/tanuki/internal/task/manager.go:269.40,271.3 1 0
github.com/bkonkle/tanuki/internal/task/manager.go:273.2,273.12 1 1
github.com/bkonkle/tanuki/internal/task/manager.go:277.54,282.2 3 1
github.com/bkonkle/tanuki/internal/task/manager.go:286.62,288.9 2 1
github.com/bkonkle/tanuki/internal/task/manager.go:288.9,290.3 1 1
github.com/bkonkle/tanuki/internal/task/manager.go:292.2,292.30 1 1
github.com/bkonkle/tanuki/internal/task/manager.go:292.30,294.3 1 1
github.com/bkonkle/tanuki/internal/task/manager.go:296.2,296.39 1 1
github.com/bkonkle/tanuki/internal/task/manager.go:296.39,298.10 2 1
github.com/bkonkle/tanuki/internal/task/manager.go:298.10,301.4 1 1
github.com/bkonkle/tanuki/internal/task/manager.go:302.3,302.35 1 1
github.com/bkonkle/tanuki/internal/task/manager.go:302.35,304.4 1 1
github.com/bkonkle/tanuki/internal/task/manager.go:307.2,307.19 1 1
github.com/bkonkle/tanuki/internal/task/manager.go:311.65,316.9 4 1
github.com/bkonkle/tanuki/internal/task/manager.go:316.9,318.3 1 0
github.com/bkonkle/tanuki/internal/task/manager.go:320.2,321.39 2 1
github.com/bkonkle/tanuki/internal/task/manager.go:321.39,323.42 2 1
github.com/bkonkle/tanuki/internal/task/manager.go:323.42,325.4 1 1
github.com/bkonkle/tanuki/internal/task/manager.go:328.2,328.22 1 1
github.com/bkonkle/tanuki/internal/task/manager.go:334.47,338.31 3 1
github.com/bkonkle/tanuki/internal/task/manager.go:338.31,339.67 1 1
github.com/bkonkle/tanuki/internal/task/manager.go:339.67,341.47 2 1
github.com/bkonkle/tanuki/internal/task/manager.go:341.47,344.5 2 1
github.com/bkonkle/tanuki/internal/task/manager.go:344.10,344.55 1 1
github.com/bkonkle/tanuki/internal/task/manager.go:344.55,347.5 2 1
github.com/bkonkle/tanuki/internal/task/manager.go:351.2,351.12 1 1
github.com/bkonkle/tanuki/internal/task/manager.go:363.38,373.28 4 1
github.com/bkonkle/tanuki/internal/task/manager.go:373.28,378.3 4 1
github.com/bkonkle/tanuki/internal/task/manager.go:380.2,380.14 1 1
github.com/bkonkle/tanuki/internal/task/manager.go:384.37,386.2 1 1
github.com/bkonkle/tanuki/internal/task/parser.go:12.44,14.16 2 1
github.com/bkonkle/tanuki/internal/task/parser.go:14.16,16.3 1 1
github.com/bkonkle/tanuki/internal/task/parser.go:18.2,18.37 1 1
github.com/bkonkle/tanuki/internal/task/parser.go:23.60,27.20 2 1
github.com/bkonkle/tanuki/internal/task/parser.go:27.20,29.3 1 1
github.com/bkonkle/tanuki/internal/task/parser.go:36.2,37.64 2 1
github.com/bkonkle/tanuki/internal/task/parser.go:37.64,39.3 1 1
github.com/bkonkle/tanuki/internal/task/parser.go:42.2,46.40 3 1
github.com/bkonkle/tanuki/internal/task/parser.go:46.40,48.3 1 1
github.com/bkonkle/tanuki/internal/task/parser.go:50.2,50.19 1 1
github.com/bkonkle/tanuki/internal/task/parser.go:54.30,55.14 1 1
github.com/bkonkle/tanuki/internal/task/parser.go:55.14,59.3 1 1
github.com/bkonkle/tanuki/internal/task/parser.go:61.2,61.16 1 1
github.com/bkonkle/tanuki/internal/task/parser.go:61.16,66.3 1 1
github.com/bkonkle/tanuki/internal/task/parser.go:68.2,68.19 1 1
github.com/bkonkle/tanuki/internal/task/parser.go:68.19,73.3 1 1
github.com/bkonkle/tanuki/internal/task/parser.go:75.2,75.18 1 1
github.com/bkonkle/tanuki/internal/task/parser.go:75.18,80.3 1 1
github.com/bkonkle/tanuki/internal/task/parser.go:83.2,83.27 1 1
github.com/bkonkle/tanuki/internal/task/parser.go:83.27,88.3 1 1
github.com/bkonkle/tanuki/internal/task/parser.go:91.2,91.22 1 1
github.com/bkonkle/tanuki/internal/task/parser.go:91.22,93.3 1 1
github.com/bkonkle/tanuki/internal/task/parser.go:96.2,96.25 1 1
github.com/bkonkle/tanuki/internal/task/parser.go:96.25,101.3 1 1
github.com/bkonkle/tanuki/internal/task/parser.go:104.2,104.20 1 1
github.com/bkonkle/tanuki/internal/task/parser.go:104.20,106.3 1 1
github.com/bkonkle/tanuki/internal/task/parser.go:109.2,109.25 1 1
github.com/bkonkle/tanuki/internal/task/parser.go:109.25,110.61 1 1
github.com/bkonkle/tanuki/internal/task/parser.go:110.61,115.4 1 1
github.com/bkonkle/tanuki/internal/task/parser.go:118.2,118.12 1 1
github.com/bkonkle/tanuki/internal/task/priority_queue.go:13.35,13.53 1 1
github.com/bkonkle/tanuki/internal/task/priority_queue.go:15.45,18.2 1 1
github.com/bkonkle/tanuki/internal/task/priority_queue.go:20.40,24.2 3 1
github.com/bkonkle/tanuki/internal/task/priority_queue.go:26.46,31.2 4 1
github.com/bkonkle/tanuki/internal/task/priority_queue.go:33.44,41.2 7 1
github.com/bkonkle/tanuki/internal/task/priority_queue.go:44.36,46.2 1 1
github.com/bkonkle/tanuki/internal/task/queue.go:18.24,22.2 1 1
github.com/bkonkle/tanuki/internal/task/queue.go:26.40,27.14 1 1
github.com/bkonkle/tanuki/internal/task/queue.go:27.14,29.3 1 1
github.com/bkonkle/tanuki/internal/task/queue.go:30.2,30.18 1 1
github.com/bkonkle/tanuki/internal/task/queue.go:30.18,32.3 1 1
github.com/bkonkle/tanuki/internal/task/queue.go:34.2,38.9 4 1
github.com/bkonkle/tanuki/internal/task/queue.go:38.9,42.3 3 1
github.com/bkonkle/tanuki/internal/task/queue.go:44.2,45.12 2 1
github.com/bkonkle/tanuki/internal/task/queue.go:50.53,55.26 4 1
github.com/bkonkle/tanuki/internal/task/queue.go:55.26,57.3 1 1
github.com/bkonkle/tanuki/internal/task/queue.go:59.2,60.23 2 1
github.com/bkonkle/tanuki/internal/task/queue.go:65.50,70.26 4 1
github.com/bkonkle/tanuki/internal/task/queue.go:70.26,72.3 1 1
github.com/bkonkle/tanuki/internal/task/queue.go:74.2,74.27 1 1
github.com/bkonkle/tanuki/internal/task/queue.go:78.28,83.30 4 1
github.com/bkonkle/tanuki/internal/task/queue.go:83.30,85.3 1 1
github.com/bkonkle/tanuki/internal/task/queue.go:86.2,86.14 1 1
github.com/bkonkle/tanuki/internal/task/queue.go:90.45,95.9 4 1
github.com/bkonkle/tanuki/internal/task/queue.go:95.9,97.3 1 0
github.com/bkonkle/tanuki/internal/task/queue.go:98.2,98.17 1 1
github.com/bkonkle/tanuki/internal/task/queue.go:102.34,107.33 4 1
github.com/bkonkle/tanuki/internal/task/queue.go:107.33,108.19 1 1
github.com/bkonkle/tanuki/internal/task/queue.go:108.19,110.4 1 1
github.com/bkonkle/tanuki/internal/task/queue.go:112.2,112.14 1 1
github.com/bkonkle/tanuki/internal/task/queue.go:116.25,121.2 3 1
github.com/bkonkle/tanuki/internal/task/queue.go:125.49,126.26 1 1
github.com/bkonkle/tanuki/internal/task/queue.go:126.26,127.38 1 1
github.com/bkonkle/tanuki/internal/task/queue.go:127.38,129.4 1 1
github.com/bkonkle/tanuki/internal/task/queue.go:131.2,131.12 1 1
github.com/bkonkle/tanuki/internal/task/queue.go:136.49,141.9 4 1
github.com/bkonkle/tanuki/internal/task/queue.go:141.9,143.3 1 1
github.com/bkonkle/tanuki/internal/task/queue.go:145.2,146.19 2 1
github.com/bkonkle/tanuki/internal/task/queue.go:146.19,149.3 2 1
github.com/bkonkle/tanuki/internal/task/queue.go:151.2,151.14 1 1
github.com/bkonkle/tanuki/internal/task/queue.go:156.44,160.30 3 1
github.com/bkonkle/tanuki/internal/task/queue.go:160.30,161.28 1 1
github.com/bkonkle/tanuki/internal/task/queue.go:161.28,162.30 1 1
github.com/bkonkle/tanuki/internal/task/queue.go:162.30,165.5 2 1
github.com/bkonkle/tanuki/internal/task/queue.go:168.2,168.14 1 1
github.com/bkonkle/tanuki/internal/task/queue.go:172.46,176.30 3 1
github.com/bkonkle/tanuki/internal/task/queue.go:176.30,177.28 1 1
github.com/bkonkle/tanuki/internal/task/queue.go:177.28,178.30 1 1
github.com/bkonkle/tanuki/internal/task/queue.go:178.30,180.5 1 1
github.com/bkonkle/tanuki/internal/task/queue.go:183.2,183.14 1 1
github.com/bkonkle/tanuki/internal/task/queue.go:187.37,196.33 4 1
github.com/bkonkle/tanuki/internal/task/queue.go:196.33,200.28 3 1
github.com/bkonkle/tanuki/internal/task/queue.go:200.28,202.4 1 1
github.com/bkonkle/tanuki/internal/task/queue.go:205.2,205.14 1 1
github.com/bkonkle/tanuki/internal/task/resolver.go:16.43,18.26 2 1
github.com/bkonkle/tanuki/internal/task/resolver.go:18.26,20.3 1 1
github.com/bkonkle/tanuki/internal/task/resolver.go:21.2,21.34 1 1
github.com/bkonkle/tanuki/internal/task/resolver.go:26.39,29.28 2 1
github.com/bkonkle/tanuki/internal/task/resolver.go:29.28,30.32 1 1
github.com/bkonkle/tanuki/internal/task/resolver.go:30.32,31.12 1 1
github.com/bkonkle/tanuki/internal/task/resolver.go:34.3,34.19 1 1
github.com/bkonkle/tanuki/internal/task/resolver.go:34.19,36.4 1 1
github.com/bkonkle/tanuki/internal/task/resolver.go:39.2,39.14 1 1
github.com/bkonkle/tanuki/internal/task/resolver.go:43.42,44.36 1 1
github.com/bkonkle/tanuki/internal/task/resolver.go:44.36,46.10 2 1
github.com/bkonkle/tanuki/internal/task/resolver.go:46.10,49.4 1 0
github.com/bkonkle/tanuki/internal/task/resolver.go:50.3,50.35 1 1
github.com/bkonkle/tanuki/internal/task/resolver.go:50.35,52.4 1 1
github.com/bkonkle/tanuki/internal/task/resolver.go:54.2,54.13 1 1
github.com/bkonkle/tanuki/internal/task/resolver.go:58.65,60.9 2 1
github.com/bkonkle/tanuki/internal/task/resolver.go:60.9,62.3 1 1
github.com/bkonkle/tanuki/internal/task/resolver.go:64.2,65.36 2 1
github.com/bkonkle/tanuki/internal/task/resolver.go:65.36,67.10 2 1
github.com/bkonkle/tanuki/internal/task/resolver.go:67.10,69.12 2 1
github.com/bkonkle/tanuki/internal/task/resolver.go:71.3,71.35 1 1
github.com/bkonkle/tanuki/internal/task/resolver.go:71.35,73.4 1 1
github.com/bkonkle/tanuki/internal/task/resolver.go:76.2,76.22 1 1
github.com/bkonkle/tanuki/internal/task/resolver.go:80.50,82.16 2 1
github.com/bkonkle/tanuki/internal/task/resolver.go:82.16,84.3 1 1
github.com/bkonkle/tanuki/internal/task/resolver.go:85.2,85.26 1 1
github.com/bkonkle/tanuki/internal/task/resolver.go:90.55,92.44 1 1
github.com/bkonkle/tanuki/internal/task/resolver.go:92.44,94.3 1 1
github.com/bkonkle/tanuki/internal/task/resolver.go:97.2,101.29 3 1
github.com/bkonkle/tanuki/internal/task/resolver.go:101.29,103.37 2 1
github.com/bkonkle/tanuki/internal/task/resolver.go:103.37,105.4 1 1
github.com/bkonkle/tanuki/internal/task/resolver.go:109.2,110.35 2 1
github.com/bkonkle/tanuki/internal/task/resolver.go:110.35,111.18 1 1
github.com/bkonkle/tanuki/internal/task/resolver.go:111.18,113.4 1 1
github.com/bkonkle/tanuki/internal/task/resolver.go:116.2,117.21 2 1
github.com/bkonkle/tanuki/internal/task/resolver.go:117.21,125.40 4 1
github.com/bkonkle/tanuki/internal/task/resolver.go:125.40,127.28 2 1
github.com/bkonkle/tanuki/internal/task/resolver.go:127.28,129.5 1 1
github.com/bkonkle/tanuki/internal/task/resolver.go:135.2,135.33 1 1
github.com/bkonkle/tanuki/internal/task/resolver.go:135.33,137.3 1 0
github.com/bkonkle/tanuki/internal/task/resolver.go:139.2,139.20 1 1
github.com/bkonkle/tanuki/internal/task/resolver.go:143.43,151.29 5 1
github.com/bkonkle/tanuki/internal/task/resolver.go:151.29,155.10 3 1
github.com/bkonkle/tanuki/internal/task/resolver.go:155.10,158.4 2 0
github.com/bkonkle/tanuki/internal/task/resolver.go:160.3,160.37 1 1
github.com/bkonkle/tanuki/internal/task/resolver.go:160.37,161.25 1 1
github.com/bkonkle/tanuki/internal/task/resolver.go:161.25,165.5 2 1
github.com/bkonkle/tanuki/internal/task/resolver.go:166.4,166.25 1 1
github.com/bkonkle/tanuki/internal/task/resolver.go:166.25,168.19 2 1
github.com/bkonkle/tanuki/internal/task/resolver.go:168.19,170.6 1 1
github.com/bkonkle/tanuki/internal/task/resolver.go:174.3,175.15 2 1
github.com/bkonkle/tanuki/internal/task/resolver.go:178.2,178.26 1 1
github.com/bkonkle/tanuki/internal/task/resolver.go:178.26,179.21 1 1
github.com/bkonkle/tanuki/internal/task/resolver.go:179.21,180.15 1 1
github.com/bkonkle/tanuki/internal/task/resolver.go:180.15,182.5 1 1
github.com/bkonkle/tanuki/internal/task/resolver.go:186.2,186.12 1 1
github.com/bkonkle/tanuki/internal/task/resolver.go:190.91,194.38 3 1
github.com/bkonkle/tanuki/internal/task/resolver.go:194.38,197.3 2 1
github.com/bkonkle/tanuki/internal/task/resolver.go:199.2,200.13 2 1
github.com/bkonkle/tanuki/internal/task/resolver.go:205.51,207.16 2 1
github.com/bkonkle/tanuki/internal/task/resolver.go:207.16,209.3 1 1
github.com/bkonkle/tanuki/internal/task/resolver.go:212.2,214.27 2 1
github.com/bkonkle/tanuki/internal/task/resolver.go:214.27,216.37 2 1
github.com/bkonkle/tanuki/internal/task/resolver.go:216.37,217.61 1 1
github.com/bkonkle/tanuki/internal/task/resolver.go:217.61,219.5 1 1
github.com/bkonkle/tanuki/internal/task/resolver.go:221.3,221.33 1 1
github.com/bkonkle/tanuki/internal/task/resolver.go:225.2,226.31 2 1
github.com/bkonkle/tanuki/internal/task/resolver.go:226.31,227.23 1 1
github.com/bkonkle/tanuki/internal/task/resolver.go:227.23,229.4 1 1
github.com/bkonkle/tanuki/internal/task/resolver.go:233.2,233.22 1 1
github.com/bkonkle/tanuki/internal/task/resolver.go:233.22,235.3 1 1
github.com/bkonkle/tanuki/internal/task/resolver.go:238.2,239.27 2 1
github.com/bkonkle/tanuki/internal/task/resolver.go:239.27,242.3 2 1
github.com/bkonkle/tanuki/internal/task/resolver.go:244.2,244.20 1 1
github.com/bkonkle/tanuki/internal/task/resolver.go:248.35,254.16 4 1
github.com/bkonkle/tanuki/internal/task/resolver.go:254.16,257.3 2 1
github.com/bkonkle/tanuki/internal/task/resolver.go:259.2,259.27 1 1
github.com/bkonkle/tanuki/internal/task/resolver.go:259.27,261.28 2 1
github.com/bkonkle/tanuki/internal/task/resolver.go:261.28,263.4 1 1
github.com/bkonkle/tanuki/internal/task/resolver.go:263.9,266.4 2 1
github.com/bkonkle/tanuki/internal/task/resolver.go:269.2,269.20 1 1
github.com/bkonkle/tanuki/internal/task/resolver.go:273.37,278.28 3 1
github.com/bkonkle/tanuki/internal/task/resolver.go:278.28,284.37 3 1
github.com/bkonkle/tanuki/internal/task/resolver.go:284.37,286.4 1 1
github.com/bkonkle/tanuki/internal/task/resolver.go:289.2,289.20 1 1
github.com/bkonkle/tanuki/internal/task/resolver.go:293.44,296.2 2 1
github.com/bkonkle/tanuki/internal/task/resolver.go:299.36,301.2 1 1
github.com/bkonkle/tanuki/internal/task/serialize.go:26.31,27.14 1 1
github.com/bkonkle/tanuki/internal/task/serialize.go:27.14,29.3 1 1
github.com/bkonkle/tanuki/internal/task/serialize.go:31.2,31.22 1 1
github.com/bkonkle/tanuki/internal/task/serialize.go:31.22,33.3 1 1
github.com/bkonkle/tanuki/internal/task/serialize.go:36.2,52.43 5 1
github.com/bkonkle/tanuki/internal/task/serialize.go:52.43,54.3 1 0
github.com/bkonkle/tanuki/internal/task/serialize.go:55.2,60.56 3 1
github.com/bkonkle/tanuki/internal/task/serialize.go:64.41,65.14 1 1
github.com/bkonkle/tanuki/internal/task/serialize.go:65.14,67.3 1 1
github.com/bkonkle/tanuki/internal/task/serialize.go:70.2,86.43 5 1
github.com/bkonkle/tanuki/internal/task/serialize.go:86.43,88.3 1 0
github.com/bkonkle/tanuki/internal/task/serialize.go:89.2,92.72 2 1
github.com/bkonkle/tanuki/internal/task/types.go:84.35,86.2 1 1
github.com/bkonkle/tanuki/internal/task/types.go:89.51,90.38 1 1
github.com/bkonkle/tanuki/internal/task/types.go:90.38,92.3 1 1
github.com/bkonkle/tanuki/internal/task/types.go:93.2,93.24 1 1
github.com/bkonkle/tanuki/internal/task/types.go:97.34,98.11 1 1
github.com/bkonkle/tanuki/internal/task/types.go:99.71,100.14 1 1
github.com/bkonkle/tanuki/internal/task/types.go:101.10,102.15 1 1
github.com/bkonkle/tanuki/internal/task/types.go:107.32,108.11 1 1
github.com/bkonkle/tanuki/internal/task/types.go:110.51,111.14 1 1
github.com/bkonkle/tanuki/internal/task/types.go:112.10,113.15 1 1
github.com/bkonkle/tanuki/internal/task/types.go:118.35,120.2 1 1
github.com/bkonkle/tanuki/internal/task/types.go:123.31,124.11 1 1
github.com/bkonkle/tanuki/internal/task/types.go:125.24,126.11 1 1
github.com/bkonkle/tanuki/internal/task/types.go:127.20,128.11 1 1
github.com/bkonkle/tanuki/internal/task/types.go:129.22,130.11 1 1
github.com/bkonkle/tanuki/internal/task/types.go:131.19,132.11 1 1
github.com/bkonkle/tanuki/internal/task/types.go:133.10,134.11 1 1
github.com/bkonkle/tanuki/internal/task/types.go:144.42,145.19 1 1
github.com/bkonkle/tanuki/internal/task/types.go:145.19,147.3 1 1
github.com/bkonkle/tanuki/internal/task/types.go:148.2,148.18 1 1
github.com/bkonkle/tanuki/internal/task/validator.go:18.46,23.2 1 0
github.com/bkonkle/tanuki/internal/task/validator.go:37.98,43.25 2 0
github.com/bkonkle/tanuki/internal/task/validator.go:43.25,47.3 2 0
github.com/bkonkle/tanuki/internal/task/validator.go:50.2,50.31 1 0
github.com/bkonkle/tanuki/internal/task/validator.go:50.31,52.26 2 0
github.com/bkonkle/tanuki/internal/task/validator.go:52.26,56.4 3 0
github.com/bkonkle/tanuki/internal/task/validator.go:60.2,60.31 1 0
github.com/bkonkle/tanuki/internal/task/validator.go:60.31,66.17 5 0
github.com/bkonkle/tanuki/internal/task/validator.go:66.17,70.4 3 0
github.com/bkonkle/tanuki/internal/task/validator.go:72.3,72.14 1 0
github.com/bkonkle/tanuki/internal/task/validator.go:72.14,76.4 3 0
github.com/bkonkle/tanuki/internal/task/validator.go:80.2,81.54 1 0
github.com/bkonkle/tanuki/internal/task/validator.go:81.54,84.3 2 0
github.com/bkonkle/tanuki/internal/task/validator.go:86.2,86.15 1 0
github.com/bkonkle/tanuki/internal/task/validator.go:90.97,95.21 4 0
github.com/bkonkle/tanuki/internal/task/validator.go:95.21,97.3 1 0
github.com/bkonkle/tanuki/internal/task/validator.go:99.2,101.43 2 0
github.com/bkonkle/tanuki/internal/task/validator.go:101.43,103.3 1 0
github.com/bkonkle/tanuki/internal/task/validator.go:105.2,105.16 1 0
github.com/bkonkle/tanuki/internal/task/validator.go:105.16,107.41 1 0
github.com/bkonkle/tanuki/internal/task/validator.go:107.41,110.4 1 0
github.com/bkonkle/tanuki/internal/task/validator.go:111.3,111.36 1 0
github.com/bkonkle/tanuki/internal/task/validator.go:114.2,114.34 1 0
github.com/bkonkle/tanuki/internal/task/validator.go:118.55,120.2 1 0
